#
# A fatal error has been detected by the Java Runtime Environment:
#
#  EXCEPTION_ACCESS_VIOLATION (0xc0000005) at pc=0x66bcb314, pid=5260, tid=1716
#
# JRE version: Java(TM) SE Runtime Environment (7.0_51-b13) (build 1.7.0_51-b13)
# Java VM: Java HotSpot(TM) Client VM (24.51-b03 mixed mode, sharing windows-x86 )
# Problematic frame:
# C  [libvlccore.dll+0x7b314]
#
# Failed to write core dump. Minidumps are not enabled by default on client versions of Windows
#
# If you would like to submit a bug report, please visit:
#   http://bugreport.sun.com/bugreport/crash.jsp
# The crash happened outside the Java Virtual Machine in native code.
# See problematic frame for where to report the bug.
#

---------------  T H R E A D  ---------------

Current thread (0x05a97000):  JavaThread "Thread-20" [_thread_in_native, id=1716, stack(0x05360000,0x053b0000)]

siginfo: ExceptionCode=0xc0000005, writing address 0x000a0d23

Registers:
EAX=0x00000000, EBX=0x0608def8, ECX=0x7f0be000, EDX=0x000a0cdf
ESP=0x053aeeb4, EBP=0x06099278, ESI=0x0608fd08, EDI=0x0608df44
EIP=0x66bcb314, EFLAGS=0x00010202

Top of Stack: (sp=0x053aeeb4)
0x053aeeb4:   00000000 00000000 00000054 c46a5a7b
0x053aeec4:   05a97000 29fb8740 00000004 00000000
0x053aeed4:   00b4b400 053af630 053aef38 66bcb3ff
0x053aeee4:   0608fd08 0000006c 66ca59f4 023a339a
0x053aeef4:   00000001 00000000 053aeff4 705c9ddb
0x053aef04:   0608fd08 0000006c 00000000 34dcc6b0
0x053aef14:   00000000 00000000 00000001 053af630
0x053aef24:   053aef38 00000000 00000001 05fbdc25 

Instructions: (pc=0x66bcb314)
0x66bcb2f4:   f0 83 46 ec 01 8b 43 5c 89 73 60 83 c0 6c 89 04
0x66bcb304:   24 e8 c6 b2 00 00 8b 56 fc 85 d2 89 53 40 74 03
0x66bcb314:   89 5a 44 89 5e fc 8b 5b 5c 83 c3 6c 89 1c 24 e8
0x66bcb324:   38 b3 00 00 89 f8 83 c4 1c 5b 5e 5f 5d c3 31 c0 


Register to memory mapping:

EAX=0x00000000 is an unknown value
EBX=0x0608def8 is an unknown value
ECX=0x7f0be000 is an unknown value
EDX=0x000a0cdf is an unknown value
ESP=0x053aeeb4 is pointing into the stack for thread: 0x05a97000
EBP=0x06099278 is an unknown value
ESI=0x0608fd08 is an unknown value
EDI=0x0608df44 is an unknown value


Stack: [0x05360000,0x053b0000],  sp=0x053aeeb4,  free space=315k
Native frames: (J=compiled Java code, j=interpreted, Vv=VM code, C=native code)
C  [libvlccore.dll+0x7b314]

Java frames: (J=compiled Java code, j=interpreted, Vv=VM code)
j  com.sun.jna.Native.invokePointer(JI[Ljava/lang/Object;)J+0
j  com.sun.jna.Function.invokePointer(I[Ljava/lang/Object;)Lcom/sun/jna/Pointer;+6
j  com.sun.jna.Function.invoke([Ljava/lang/Object;Ljava/lang/Class;Z)Ljava/lang/Object;+642
j  com.sun.jna.Function.invoke(Ljava/lang/Class;[Ljava/lang/Object;Ljava/util/Map;)Ljava/lang/Object;+214
j  com.sun.jna.Library$Handler.invoke(Ljava/lang/Object;Ljava/lang/reflect/Method;[Ljava/lang/Object;)Ljava/lang/Object;+341
j  com.sun.proxy.$Proxy0.libvlc_media_player_new(Luk/co/caprica/vlcj/binding/internal/libvlc_instance_t;)Luk/co/caprica/vlcj/binding/internal/libvlc_media_player_t;+16
j  uk.co.caprica.vlcj.player.DefaultMediaPlayer.createInstance()V+19
j  uk.co.caprica.vlcj.player.DefaultMediaPlayer.<init>(Luk/co/caprica/vlcj/binding/LibVlc;Luk/co/caprica/vlcj/binding/internal/libvlc_instance_t;)V+75
j  uk.co.caprica.vlcj.player.embedded.DefaultEmbeddedMediaPlayer.<init>(Luk/co/caprica/vlcj/binding/LibVlc;Luk/co/caprica/vlcj/binding/internal/libvlc_instance_t;Luk/co/caprica/vlcj/player/embedded/FullScreenStrategy;)V+3
j  uk.co.caprica.vlcj.player.MediaPlayerFactory.newEmbeddedMediaPlayer(Luk/co/caprica/vlcj/player/embedded/FullScreenStrategy;)Luk/co/caprica/vlcj/player/embedded/EmbeddedMediaPlayer;+27
j  uk.co.caprica.vlcj.player.MediaPlayerFactory.newEmbeddedMediaPlayer()Luk/co/caprica/vlcj/player/embedded/EmbeddedMediaPlayer;+12
j  rickelectric.furkmanager.player.AudioPlayerPanel.getInstance()Lrickelectric/furkmanager/player/AudioPlayerPanel;+23
j  rickelectric.furkmanager.views.windows.MainEnvironment.dispose()V+19
j  rickelectric.furkmanager.FurkManager$1.run()V+67
v  ~StubRoutines::call_stub

---------------  P R O C E S S  ---------------

Java Threads: ( => current thread )
  0x05a94800 JavaThread "Thread-21" [_thread_blocked, id=4184, stack(0x04f50000,0x04fa0000)]
=>0x05a97000 JavaThread "Thread-20" [_thread_in_native, id=1716, stack(0x05360000,0x053b0000)]
  0x05a95800 JavaThread "JNativeHook Native Dispatch" [_thread_blocked, id=3624, stack(0x06af0000,0x06b40000)]
  0x05a97c00 JavaThread "JNativeHook Native Hook" [_thread_in_native, id=764, stack(0x06a60000,0x06ab0000)]
  0x05841c00 JavaThread "Thread-9" daemon [_thread_in_native, id=700, stack(0x065b0000,0x06600000)]
  0x05843800 JavaThread "pool-1-thread-1" [_thread_blocked, id=3224, stack(0x06520000,0x06570000)]
  0x05842400 JavaThread "DestroyJavaVM" [_thread_blocked, id=928, stack(0x02160000,0x021b0000)]
  0x057dec00 JavaThread "Thread-4" [_thread_in_native, id=6132, stack(0x06490000,0x064e0000)]
  0x057de400 JavaThread "WebsocketSelector22" [_thread_in_native, id=3872, stack(0x06400000,0x06450000)]
  0x057c4800 JavaThread "WebSocketWorker-21" [_thread_blocked, id=456, stack(0x06370000,0x063c0000)]
  0x057c4000 JavaThread "WebSocketWorker-20" [_thread_blocked, id=6456, stack(0x06130000,0x06180000)]
  0x05753400 JavaThread "TimerQueue" daemon [_thread_blocked, id=644, stack(0x06210000,0x06260000)]
  0x05720400 JavaThread "AWT-EventQueue-0" [_thread_blocked, id=4956, stack(0x05b60000,0x05bb0000)]
  0x04a46000 JavaThread "Image Animator 1" daemon [_thread_blocked, id=2944, stack(0x053f0000,0x05440000)]
  0x04a03800 JavaThread "AWT-Windows" daemon [_thread_in_native, id=4944, stack(0x04eb0000,0x04f00000)]
  0x04a03000 JavaThread "AWT-Shutdown" [_thread_blocked, id=6272, stack(0x04e20000,0x04e70000)]
  0x04a02400 JavaThread "Java2D Disposer" daemon [_thread_blocked, id=5284, stack(0x04d90000,0x04de0000)]
  0x02340800 JavaThread "Service Thread" daemon [_thread_blocked, id=2260, stack(0x04860000,0x048b0000)]
  0x02332c00 JavaThread "C1 CompilerThread0" daemon [_thread_blocked, id=4744, stack(0x047d0000,0x04820000)]
  0x02330000 JavaThread "Attach Listener" daemon [_thread_blocked, id=5048, stack(0x04740000,0x04790000)]
  0x0232e000 JavaThread "Signal Dispatcher" daemon [_thread_blocked, id=84, stack(0x046b0000,0x04700000)]
  0x022c4c00 JavaThread "Finalizer" daemon [_thread_blocked, id=6656, stack(0x04620000,0x04670000)]
  0x022bfc00 JavaThread "Reference Handler" daemon [_thread_blocked, id=6640, stack(0x04590000,0x045e0000)]

Other Threads:
  0x022be800 VMThread [stack: 0x04500000,0x04550000] [id=4840]
  0x02360c00 WatcherThread [stack: 0x048f0000,0x04940000] [id=5224]

VM state:not at safepoint (normal execution)

VM Mutex/Monitor currently owned by a thread: None

Heap
 def new generation   total 11648K, used 1605K [0x24a20000, 0x256c0000, 0x29f70000)
  eden space 10368K,  15% used [0x24a20000, 0x24bb14b0, 0x25440000)
  from space 1280K,   0% used [0x25580000, 0x25580000, 0x256c0000)
  to   space 1280K,   0% used [0x25440000, 0x25440000, 0x25580000)
 tenured generation   total 25688K, used 14235K [0x29f70000, 0x2b886000, 0x34a20000)
   the space 25688K,  55% used [0x29f70000, 0x2ad56c88, 0x2ad56e00, 0x2b886000)
 compacting perm gen  total 12288K, used 6537K [0x34a20000, 0x35620000, 0x38a20000)
   the space 12288K,  53% used [0x34a20000, 0x35082438, 0x35082600, 0x35620000)
    ro space 10240K,  41% used [0x38a20000, 0x38e52050, 0x38e52200, 0x39420000)
    rw space 12288K,  52% used [0x39420000, 0x39a66800, 0x39a66800, 0x3a020000)

Card table byte_map: [0x043a0000,0x04450000] byte_map_base: 0x0427af00

Polling page: 0x02140000

Code Cache  [0x023a0000, 0x02650000, 0x043a0000)
 total_blobs=1664 nmethods=1423 adapters=177 free_code_cache=30039Kb largest_free_block=30760000

Compilation events (10 events):
Event: 20.458 Thread 0x02332c00 1434             sun.security.provider.MD5::implCompress (1508 bytes)
Event: 20.461 Thread 0x02332c00 nmethod 1434 0x02647c08 code [0x02647d40, 0x02648b0c]
Event: 20.462 Thread 0x02332c00 1435             sun.security.provider.ByteArrayAccess::b2iLittle64 (614 bytes)
Event: 20.462 Thread 0x02332c00 nmethod 1435 0x02649048 code [0x02649170, 0x0264951c]
Event: 20.462 Thread 0x02332c00 1436  s          java.security.Provider::getService (92 bytes)
Event: 20.463 Thread 0x02332c00 nmethod 1436 0x02649808 code [0x02649960, 0x02649d8c]
Event: 20.515 Thread 0x02332c00 1437             java.util.IdentityHashMap::access$200 (5 bytes)
Event: 20.515 Thread 0x02332c00 nmethod 1437 0x0264a008 code [0x0264a100, 0x0264a170]
Event: 20.621 Thread 0x02332c00 1438             rickelectric.furkmanager.views.windows.MainEnvironment::access$4 (5 bytes)
Event: 20.621 Thread 0x02332c00 nmethod 1438 0x0264a1c8 code [0x0264a2c0, 0x0264a340]

GC Heap History (10 events):
Event: 19.662 GC heap before
{Heap before GC invocations=20 (full 1):
 def new generation   total 9856K, used 4305K [0x24a20000, 0x254d0000, 0x29f70000)
  eden space 8768K,  38% used [0x24a20000, 0x24d75cf0, 0x252b0000)
  from space 1088K,  81% used [0x252b0000, 0x2538e8a8, 0x253c0000)
  to   space 1088K,   0% used [0x253c0000, 0x253c0000, 0x254d0000)
 tenured generation   total 21768K, used 15996K [0x29f70000, 0x2b4b2000, 0x34a20000)
   the space 21768K,  73% used [0x29f70000, 0x2af0f008, 0x2af0f200, 0x2b4b2000)
 compacting perm gen  total 12288K, used 6534K [0x34a20000, 0x35620000, 0x38a20000)
   the space 12288K,  53% used [0x34a20000, 0x35081b08, 0x35081c00, 0x35620000)
    ro space 10240K,  41% used [0x38a20000, 0x38e52050, 0x38e52200, 0x39420000)
    rw space 12288K,  52% used [0x39420000, 0x39a66800, 0x39a66800, 0x3a020000)
Event: 19.738 GC heap after
Heap after GC invocations=21 (full 2):
 def new generation   total 11648K, used 0K [0x24a20000, 0x256c0000, 0x29f70000)
  eden space 10368K,   0% used [0x24a20000, 0x24a20000, 0x25440000)
  from space 1280K,   0% used [0x25440000, 0x25440000, 0x25580000)
  to   space 1280K,   0% used [0x25580000, 0x25580000, 0x256c0000)
 tenured generation   total 25688K, used 15411K [0x29f70000, 0x2b886000, 0x34a20000)
   the space 25688K,  59% used [0x29f70000, 0x2ae7ccb8, 0x2ae7ce00, 0x2b886000)
 compacting perm gen  total 12288K, used 6534K [0x34a20000, 0x35620000, 0x38a20000)
   the space 12288K,  53% used [0x34a20000, 0x35081b08, 0x35081c00, 0x35620000)
    ro space 10240K,  41% used [0x38a20000, 0x38e52050, 0x38e52200, 0x39420000)
    rw space 12288K,  52% used [0x39420000, 0x39a66800, 0x39a66800, 0x3a020000)
}
Event: 19.741 GC heap before
{Heap before GC invocations=21 (full 2):
 def new generation   total 11648K, used 219K [0x24a20000, 0x256c0000, 0x29f70000)
  eden space 10368K,   2% used [0x24a20000, 0x24a56ee0, 0x25440000)
  from space 1280K,   0% used [0x25440000, 0x25440000, 0x25580000)
  to   space 1280K,   0% used [0x25580000, 0x25580000, 0x256c0000)
 tenured generation   total 25688K, used 15411K [0x29f70000, 0x2b886000, 0x34a20000)
   the space 25688K,  59% used [0x29f70000, 0x2ae7ccb8, 0x2ae7ce00, 0x2b886000)
 compacting perm gen  total 12288K, used 6534K [0x34a20000, 0x35620000, 0x38a20000)
   the space 12288K,  53% used [0x34a20000, 0x35081b08, 0x35081c00, 0x35620000)
    ro space 10240K,  41% used [0x38a20000, 0x38e52050, 0x38e52200, 0x39420000)
    rw space 12288K,  52% used [0x39420000, 0x39a66800, 0x39a66800, 0x3a020000)
Event: 19.743 GC heap after
Heap after GC invocations=22 (full 2):
 def new generation   total 11648K, used 7K [0x24a20000, 0x256c0000, 0x29f70000)
  eden space 10368K,   0% used [0x24a20000, 0x24a20000, 0x25440000)
  from space 1280K,   0% used [0x25580000, 0x25581ef8, 0x256c0000)
  to   space 1280K,   0% used [0x25440000, 0x25440000, 0x25580000)
 tenured generation   total 25688K, used 15411K [0x29f70000, 0x2b886000, 0x34a20000)
   the space 25688K,  59% used [0x29f70000, 0x2ae7ccb8, 0x2ae7ce00, 0x2b886000)
 compacting perm gen  total 12288K, used 6534K [0x34a20000, 0x35620000, 0x38a20000)
   the space 12288K,  53% used [0x34a20000, 0x35081b08, 0x35081c00, 0x35620000)
    ro space 10240K,  41% used [0x38a20000, 0x38e52050, 0x38e52200, 0x39420000)
    rw space 12288K,  52% used [0x39420000, 0x39a66800, 0x39a66800, 0x3a020000)
}
Event: 19.759 GC heap before
{Heap before GC invocations=22 (full 2):
 def new generation   total 11648K, used 132K [0x24a20000, 0x256c0000, 0x29f70000)
  eden space 10368K,   1% used [0x24a20000, 0x24a3f198, 0x25440000)
  from space 1280K,   0% used [0x25580000, 0x25581ef8, 0x256c0000)
  to   space 1280K,   0% used [0x25440000, 0x25440000, 0x25580000)
 tenured generation   total 25688K, used 15411K [0x29f70000, 0x2b886000, 0x34a20000)
   the space 25688K,  59% used [0x29f70000, 0x2ae7ccb8, 0x2ae7ce00, 0x2b886000)
 compacting perm gen  total 12288K, used 6550K [0x34a20000, 0x35620000, 0x38a20000)
   the space 12288K,  53% used [0x34a20000, 0x35085b08, 0x35085c00, 0x35620000)
    ro space 10240K,  41% used [0x38a20000, 0x38e52050, 0x38e52200, 0x39420000)
    rw space 12288K,  52% used [0x39420000, 0x39a66800, 0x39a66800, 0x3a020000)
Event: 19.828 GC heap after
Heap after GC invocations=23 (full 3):
 def new generation   total 11648K, used 0K [0x24a20000, 0x256c0000, 0x29f70000)
  eden space 10368K,   0% used [0x24a20000, 0x24a20000, 0x25440000)
  from space 1280K,   0% used [0x25580000, 0x25580000, 0x256c0000)
  to   space 1280K,   0% used [0x25440000, 0x25440000, 0x25580000)
 tenured generation   total 25688K, used 15414K [0x29f70000, 0x2b886000, 0x34a20000)
   the space 25688K,  60% used [0x29f70000, 0x2ae7dbb8, 0x2ae7dc00, 0x2b886000)
 compacting perm gen  total 12288K, used 6550K [0x34a20000, 0x35620000, 0x38a20000)
   the space 12288K,  53% used [0x34a20000, 0x35085b08, 0x35085c00, 0x35620000)
    ro space 10240K,  41% used [0x38a20000, 0x38e52050, 0x38e52200, 0x39420000)
    rw space 12288K,  52% used [0x39420000, 0x39a66800, 0x39a66800, 0x3a020000)
}
Event: 19.834 GC heap before
{Heap before GC invocations=23 (full 3):
 def new generation   total 11648K, used 51K [0x24a20000, 0x256c0000, 0x29f70000)
  eden space 10368K,   0% used [0x24a20000, 0x24a2cf80, 0x25440000)
  from space 1280K,   0% used [0x25580000, 0x25580000, 0x256c0000)
  to   space 1280K,   0% used [0x25440000, 0x25440000, 0x25580000)
 tenured generation   total 25688K, used 15414K [0x29f70000, 0x2b886000, 0x34a20000)
   the space 25688K,  60% used [0x29f70000, 0x2ae7dbb8, 0x2ae7dc00, 0x2b886000)
 compacting perm gen  total 12288K, used 6552K [0x34a20000, 0x35620000, 0x38a20000)
   the space 12288K,  53% used [0x34a20000, 0x350861d0, 0x35086200, 0x35620000)
    ro space 10240K,  41% used [0x38a20000, 0x38e52050, 0x38e52200, 0x39420000)
    rw space 12288K,  52% used [0x39420000, 0x39a66800, 0x39a66800, 0x3a020000)
Event: 19.915 GC heap after
Heap after GC invocations=24 (full 4):
 def new generation   total 11648K, used 0K [0x24a20000, 0x256c0000, 0x29f70000)
  eden space 10368K,   0% used [0x24a20000, 0x24a20000, 0x25440000)
  from space 1280K,   0% used [0x25580000, 0x25580000, 0x256c0000)
  to   space 1280K,   0% used [0x25440000, 0x25440000, 0x25580000)
 tenured generation   total 25688K, used 14234K [0x29f70000, 0x2b886000, 0x34a20000)
   the space 25688K,  55% used [0x29f70000, 0x2ad56a08, 0x2ad56c00, 0x2b886000)
 compacting perm gen  total 12288K, used 6528K [0x34a20000, 0x35620000, 0x38a20000)
   the space 12288K,  53% used [0x34a20000, 0x35080278, 0x35080400, 0x35620000)
    ro space 10240K,  41% used [0x38a20000, 0x38e52050, 0x38e52200, 0x39420000)
    rw space 12288K,  52% used [0x39420000, 0x39a66800, 0x39a66800, 0x3a020000)
}
Event: 19.928 GC heap before
{Heap before GC invocations=24 (full 4):
 def new generation   total 11648K, used 151K [0x24a20000, 0x256c0000, 0x29f70000)
  eden space 10368K,   1% used [0x24a20000, 0x24a45e18, 0x25440000)
  from space 1280K,   0% used [0x25580000, 0x25580000, 0x256c0000)
  to   space 1280K,   0% used [0x25440000, 0x25440000, 0x25580000)
 tenured generation   total 25688K, used 14234K [0x29f70000, 0x2b886000, 0x34a20000)
   the space 25688K,  55% used [0x29f70000, 0x2ad56a08, 0x2ad56c00, 0x2b886000)
 compacting perm gen  total 12288K, used 6528K [0x34a20000, 0x35620000, 0x38a20000)
   the space 12288K,  53% used [0x34a20000, 0x35080278, 0x35080400, 0x35620000)
    ro space 10240K,  41% used [0x38a20000, 0x38e52050, 0x38e52200, 0x39420000)
    rw space 12288K,  52% used [0x39420000, 0x39a66800, 0x39a66800, 0x3a020000)
Event: 19.996 GC heap after
Heap after GC invocations=25 (full 5):
 def new generation   total 11648K, used 0K [0x24a20000, 0x256c0000, 0x29f70000)
  eden space 10368K,   0% used [0x24a20000, 0x24a20000, 0x25440000)
  from space 1280K,   0% used [0x25580000, 0x25580000, 0x256c0000)
  to   space 1280K,   0% used [0x25440000, 0x25440000, 0x25580000)
 tenured generation   total 25688K, used 14235K [0x29f70000, 0x2b886000, 0x34a20000)
   the space 25688K,  55% used [0x29f70000, 0x2ad56c88, 0x2ad56e00, 0x2b886000)
 compacting perm gen  total 12288K, used 6528K [0x34a20000, 0x35620000, 0x38a20000)
   the space 12288K,  53% used [0x34a20000, 0x35080278, 0x35080400, 0x35620000)
    ro space 10240K,  41% used [0x38a20000, 0x38e52050, 0x38e52200, 0x39420000)
    rw space 12288K,  52% used [0x39420000, 0x39a66800, 0x39a66800, 0x3a020000)
}

Deoptimization events (0 events):
No events

Internal exceptions (10 events):
Event: 15.865 Thread 0x05a97400 Threw 0x24f0a958 at C:\re\jdk7u51\527\hotspot\src\share\vm\prims\jvm.cpp:1244
Event: 18.353 Thread 0x05720400 Threw 0x24b42820 at C:\re\jdk7u51\527\hotspot\src\share\vm\prims\jvm.cpp:1244
Event: 18.361 Thread 0x05720400 Threw 0x24bdb480 at C:\re\jdk7u51\527\hotspot\src\share\vm\prims\jvm.cpp:1244
Event: 19.660 Thread 0x05a97000 Threw 0x24d70a70 at C:\re\jdk7u51\527\hotspot\src\share\vm\prims\jvm.cpp:1244
Event: 19.748 Thread 0x05a97000 Threw 0x24a326f8 at C:\re\jdk7u51\527\hotspot\src\share\vm\prims\jvm.cpp:1244
Event: 19.754 Thread 0x05a97000 Threw 0x24a36368 at C:\re\jdk7u51\527\hotspot\src\share\vm\prims\jvm.cpp:1244
Event: 19.754 Thread 0x05a94800 Threw 0x24a20808 at C:\re\jdk7u51\527\hotspot\src\share\vm\prims\jvm.cpp:1244
Event: 19.756 Thread 0x05a97000 Threw 0x24a386c0 at C:\re\jdk7u51\527\hotspot\src\share\vm\prims\jvm.cpp:1244
Event: 19.759 Thread 0x05a97000 Threw 0x24a3a3e8 at C:\re\jdk7u51\527\hotspot\src\share\vm\interpreter\linkResolver.cpp:883
Event: 20.033 Thread 0x05a97000 Threw 0x24aea9c0 at C:\re\jdk7u51\527\hotspot\src\share\vm\prims\jni.cpp:743

Events (10 events):
Event: 19.754 loading class 0x05a75800
Event: 19.754 loading class 0x05a75800 done
Event: 19.756 loading class 0x06c250e0
Event: 19.756 loading class 0x06c250e0 done
Event: 19.759 Executing VM operation: GenCollectFull
Event: 19.828 Executing VM operation: GenCollectFull done
Event: 19.834 Executing VM operation: GenCollectFull
Event: 19.915 Executing VM operation: GenCollectFull done
Event: 19.928 Executing VM operation: GenCollectFull
Event: 19.996 Executing VM operation: GenCollectFull done


Dynamic libraries:
0x00070000 - 0x0009f000 	C:\Program Files (x86)\Java\jre7\bin\javaw.exe
0x77430000 - 0x7759e000 	C:\Windows\SYSTEM32\ntdll.dll
0x74c50000 - 0x74d90000 	C:\Windows\SYSTEM32\KERNEL32.DLL
0x74f90000 - 0x75067000 	C:\Windows\SYSTEM32\KERNELBASE.dll
0x6f890000 - 0x6f930000 	C:\Windows\system32\apphelp.dll
0x6f140000 - 0x6f3a5000 	C:\Windows\AppPatch\AcGenral.DLL
0x76330000 - 0x763f3000 	C:\Windows\SYSTEM32\msvcrt.dll
0x76820000 - 0x76861000 	C:\Windows\SYSTEM32\sechost.dll
0x74c30000 - 0x74c4e000 	C:\Windows\SYSTEM32\SspiCli.dll
0x74e20000 - 0x74e65000 	C:\Windows\SYSTEM32\SHLWAPI.dll
0x711a0000 - 0x7128d000 	C:\Windows\SYSTEM32\UxTheme.dll
0x76b40000 - 0x76c93000 	C:\Windows\SYSTEM32\USER32.dll
0x76a30000 - 0x76b3e000 	C:\Windows\SYSTEM32\GDI32.dll
0x743c0000 - 0x743e3000 	C:\Windows\SYSTEM32\WINMM.dll
0x71180000 - 0x71193000 	C:\Windows\SYSTEM32\samcli.dll
0x76400000 - 0x76528000 	C:\Windows\SYSTEM32\ole32.dll
0x74e70000 - 0x74f05000 	C:\Windows\SYSTEM32\OLEAUT32.dll
0x70fa0000 - 0x70fb7000 	C:\Windows\SYSTEM32\MSACM32.dll
0x74440000 - 0x74448000 	C:\Windows\SYSTEM32\VERSION.dll
0x75070000 - 0x7631d000 	C:\Windows\SYSTEM32\SHELL32.dll
0x74410000 - 0x7442b000 	C:\Windows\SYSTEM32\USERENV.dll
0x6f120000 - 0x6f13a000 	C:\Windows\SYSTEM32\dwmapi.dll
0x6efd0000 - 0x6f11a000 	C:\Windows\SYSTEM32\urlmon.dll
0x76e80000 - 0x76efc000 	C:\Windows\SYSTEM32\ADVAPI32.dll
0x73de0000 - 0x73e45000 	C:\Windows\SYSTEM32\WINSPOOL.DRV
0x73580000 - 0x73596000 	C:\Windows\SYSTEM32\MPR.dll
0x76d20000 - 0x76dda000 	C:\Windows\SYSTEM32\RPCRT4.dll
0x74c20000 - 0x74c2a000 	C:\Windows\SYSTEM32\CRYPTBASE.dll
0x766a0000 - 0x7681d000 	C:\Windows\SYSTEM32\combase.dll
0x742c0000 - 0x742e3000 	C:\Windows\SYSTEM32\WINMMBASE.dll
0x74300000 - 0x7430f000 	C:\Windows\SYSTEM32\profapi.dll
0x73140000 - 0x73372000 	C:\Windows\SYSTEM32\iertutil.dll
0x735a0000 - 0x73776000 	C:\Windows\SYSTEM32\WININET.dll
0x74bc0000 - 0x74c14000 	C:\Windows\SYSTEM32\bcryptPrimitives.dll
0x76ca0000 - 0x76cdc000 	C:\Windows\SYSTEM32\cfgmgr32.dll
0x74290000 - 0x742b1000 	C:\Windows\SYSTEM32\DEVOBJ.dll
0x74200000 - 0x7428b000 	C:\Windows\SYSTEM32\SHCORE.DLL
0x76ce0000 - 0x76d07000 	C:\Windows\system32\IMM32.DLL
0x77240000 - 0x77353000 	C:\Windows\SYSTEM32\MSCTF.dll
0x73ff0000 - 0x741f6000 	C:\Windows\WinSxS\x86_microsoft.windows.common-controls_6595b64144ccf1df_6.0.9600.17415_none_a9ed7f470139b3c1\COMCTL32.dll
0x70960000 - 0x70a1f000 	C:\Program Files (x86)\Java\jre7\bin\msvcr100.dll
0x66db0000 - 0x67130000 	C:\Program Files (x86)\Java\jre7\bin\client\jvm.dll
0x73130000 - 0x73138000 	C:\Windows\SYSTEM32\WSOCK32.dll
0x76d10000 - 0x76d16000 	C:\Windows\SYSTEM32\PSAPI.DLL
0x76f00000 - 0x76f50000 	C:\Windows\SYSTEM32\WS2_32.dll
0x74f10000 - 0x74f17000 	C:\Windows\SYSTEM32\NSI.dll
0x70d20000 - 0x70d2c000 	C:\Program Files (x86)\Java\jre7\bin\verify.dll
0x70d00000 - 0x70d20000 	C:\Program Files (x86)\Java\jre7\bin\java.dll
0x70bb0000 - 0x70bc3000 	C:\Program Files (x86)\Java\jre7\bin\zip.dll
0x671b0000 - 0x672f3000 	C:\Program Files (x86)\Java\jre7\bin\awt.dll
0x73fe0000 - 0x73fe9000 	C:\Windows\SYSTEM32\kernel.appcore.dll
0x70920000 - 0x70959000 	C:\Program Files (x86)\Java\jre7\bin\fontmanager.dll
0x70b90000 - 0x70ba4000 	C:\Program Files (x86)\Java\jre7\bin\net.dll
0x73c20000 - 0x73c6b000 	C:\Windows\system32\mswsock.dll
0x70620000 - 0x7062f000 	C:\Program Files (x86)\Java\jre7\bin\nio.dll
0x73da0000 - 0x73db9000 	C:\Windows\SYSTEM32\CRYPTSP.dll
0x73d70000 - 0x73da0000 	C:\Windows\system32\rsaenh.dll
0x73d50000 - 0x73d6e000 	C:\Windows\SYSTEM32\bcrypt.dll
0x70840000 - 0x70851000 	C:\Windows\system32\napinsp.dll
0x70820000 - 0x70836000 	C:\Windows\system32\pnrpnsp.dll
0x73dc0000 - 0x73dd4000 	C:\Windows\system32\NLAapi.dll
0x73c80000 - 0x73cfe000 	C:\Windows\SYSTEM32\DNSAPI.dll
0x70810000 - 0x7081a000 	C:\Windows\System32\winrnr.dll
0x70800000 - 0x70810000 	C:\Windows\system32\wshbth.dll
0x72fe0000 - 0x72fe8000 	C:\Windows\System32\rasadhlp.dll
0x743f0000 - 0x74410000 	C:\Windows\SYSTEM32\IPHLPAPI.DLL
0x742f0000 - 0x742f8000 	C:\Windows\SYSTEM32\WINNSI.DLL
0x71110000 - 0x71156000 	C:\Windows\System32\fwpuclnt.dll
0x771b0000 - 0x7723d000 	C:\Windows\SYSTEM32\clbcatq.dll
0x6e2f0000 - 0x6e45b000 	C:\Windows\SYSTEM32\WindowsCodecs.dll
0x705f0000 - 0x70620000 	C:\Program Files (x86)\Java\jre7\bin\t2k.dll
0x10000000 - 0x10008000 	C:\Program Files (x86)\Internet Download Manager\idmmkb.dll
0x05fb0000 - 0x05fed000 	C:\Users\Ionicle\AppData\Local\Temp\jna-Ionicle\jna2504948966651154373.dll
0x705c0000 - 0x705e4000 	C:\Program Files (x86)\VideoLAN\VLC\libvlc.dll
0x66b50000 - 0x66da1000 	C:\Program Files (x86)\VideoLAN\VLC\libvlccore.dll
0x6e720000 - 0x6e79f000 	C:\Windows\SYSTEM32\mscms.dll
0x70090000 - 0x700cb000 	C:\Windows\SYSTEM32\icm32.dll
0x70430000 - 0x70450000 	C:\Program Files (x86)\Java\jre7\bin\sunec.dll
0x70520000 - 0x70529000 	C:\Program Files (x86)\Java\jre7\bin\sunmscapi.dll
0x76fb0000 - 0x77138000 	C:\Windows\SYSTEM32\CRYPT32.dll
0x74f20000 - 0x74f2e000 	C:\Windows\SYSTEM32\MSASN1.dll
0x70170000 - 0x70178000 	C:\Program Files (x86)\Java\jre7\bin\w2k_lsa_auth.dll
0x74310000 - 0x7431a000 	C:\Windows\SYSTEM32\Secur32.dll
0x73d10000 - 0x73d24000 	C:\Windows\SYSTEM32\dhcpcsvc.DLL
0x6ffd0000 - 0x70059000 	C:\Windows\WinSxS\x86_microsoft.windows.common-controls_6595b64144ccf1df_5.82.9600.17415_none_7c5769eaaa0aa358\comctl32.dll
0x6ef00000 - 0x6ef0e000 	C:\Users\Ionicle\AppData\Local\Temp\JNativeHook_8275138722905296161.dll
0x70160000 - 0x70164000 	C:\Windows\system32\KBDUS.DLL
0x6ff80000 - 0x6ffa4000 	C:\Program Files (x86)\Java\jre7\bin\dcpr.dll
0x6fe60000 - 0x6feee000 	C:\Program Files (x86)\Java\jre7\bin\mlib_image.dll
0x64c90000 - 0x64dd1000 	C:\Windows\SYSTEM32\dbghelp.dll

VM Arguments:
jvm_args: -Dfile.encoding=Cp1252 
java_command: rickelectric.furkmanager.FurkManager
Launcher Type: SUN_STANDARD

Environment Variables:
CLASSPATH=.;.;C:\PROGRA~2\JMF21~1.1E\lib\sound.jar;C:\PROGRA~2\JMF21~1.1E\lib\jmf.jar;C:\PROGRA~2\JMF21~1.1E\lib;
PATH=C:/EclipsePortable/App/Java/bin/client;C:/EclipsePortable/App/Java/bin;C:/EclipsePortable/App/Java/lib/i386;C:\CommonFiles\MinGW\bin;C:\Windows\system32;C:\Windows;C:\Windows\System32\Wbem;C:\Windows\System32\WindowsPowerShell\v1.0\;C:\Program Files (x86)\Windows Kits\8.1\Windows Performance Toolkit\;C:\Program Files\Microsoft SQL Server\110\Tools\Binn\;C:\Program Files (x86)\Universal Extractor;C:\Program Files (x86)\Universal Extractor\bin;C:\Program Files (x86)\B1 Free Archiver;C:\Program Files (x86)\Microsoft SQL Server\110\Tools\Binn\;C:\Program Files\Microsoft SQL Server\110\DTS\Binn\;C:\Program Files (x86)\Microsoft SQL Server\110\Tools\Binn\ManagementStudio\;C:\Program Files (x86)\Microsoft SQL Server\110\DTS\Binn\;C:\EclipsePortable;
USERNAME=Ionicle
OS=Windows_NT
PROCESSOR_IDENTIFIER=Intel64 Family 6 Model 37 Stepping 5, GenuineIntel



---------------  S Y S T E M  ---------------

OS: Windows 8 , 64 bit Build 9200 

CPU:total 2 (2 cores per cpu, 1 threads per core) family 6 model 37 stepping 5, cmov, cx8, fxsr, mmx, sse, sse2, sse3, ssse3, popcnt, tsc, tscinvbit

Memory: 4k page, physical 3857212k(907916k free), swap 6953364k(1767920k free)

vm_info: Java HotSpot(TM) Client VM (24.51-b03) for windows-x86 JRE (1.7.0_51-b13), built on Dec 18 2013 19:09:58 by "java_re" with unknown MS VC++:1600

time: Fri Nov 28 21:54:27 2014
elapsed time: 21 seconds

