#
# A fatal error has been detected by the Java Runtime Environment:
#
#  EXCEPTION_ACCESS_VIOLATION (0xc0000005) at pc=0x00007ff81a67361a, pid=760, tid=3168
#
# JRE version: Java(TM) SE Runtime Environment (8.0-b132) (build 1.8.0-b132)
# Java VM: Java HotSpot(TM) 64-Bit Server VM (25.0-b70 mixed mode windows-amd64 compressed oops)
# Problematic frame:
# C  [ntdll.dll+0x6361a]
#
# Failed to write core dump. Minidumps are not enabled by default on client versions of Windows
#
# If you would like to submit a bug report, please visit:
#   http://bugreport.sun.com/bugreport/crash.jsp
# The crash happened outside the Java Virtual Machine in native code.
# See problematic frame for where to report the bug.
#

---------------  T H R E A D  ---------------

Current thread (0x00000000183d9800):  JavaThread "Thread-27" [_thread_in_native, id=3168, stack(0x0000000019750000,0x0000000019850000)]

siginfo: ExceptionCode=0xc0000005, writing address 0x0000000000000024

Registers:
RAX=0x0000000000000000, RBX=0x0000000018144e98, RCX=0x00000000fffffffc, RDX=0x0000000000000730
RSP=0x000000001984eb50, RBP=0x00007ff619072000, RSI=0x0000000000000730, RDI=0x0000000000000000
R8 =0xffffffffffffffff, R9 =0x00007ff619072000, R10=0x0000000000000000, R11=0x0000000000000246
R12=0x0000000000000000, R13=0x0000000000000000, R14=0x0000000000000000, R15=0x0000000000000000
RIP=0x00007ff81a67361a, EFLAGS=0x0000000000010213

Top of Stack: (sp=0x000000001984eb50)
0x000000001984eb50:   0000000000000730 000000001654fdf0
0x000000001984eb60:   00000000183d99e0 0000000053bf2848
0x000000001984eb70:   00000000021953a0 0000000000000000
0x000000001984eb80:   000000000310aae0 0000000000000000
0x000000001984eb90:   0000000000000000 000000001a010770
0x000000001984eba0:   00000000183d9800 000000005384ed08
0x000000001984ebb0:   000000001a09a538 0000000000000000
0x000000001984ebc0:   000000001984f480 0000000000000000
0x000000001984ebd0:   000032663d669738 000000000225519e
0x000000001984ebe0:   0000000000000004 0000000000000001
0x000000001984ebf0:   000000001984f410 000000007ffe0372
0x000000001984ec00:   0000000000000000 0000000000000000
0x000000001984ec10:   00007ff619072000 00007ff81a640564
0x000000001984ec20:   0000000003102000 00000000031012d0
0x000000001984ec30:   0000000018144e98 00007ff80e07fc42
0x000000001984ec40:   0000000000000000 00000001002c2660 

Instructions: (pc=0x00007ff81a67361a)
0x00007ff81a6735fa:   a8 01 0f 85 bd 00 00 00 8b c8 41 2b ce f0 0f b1
0x00007ff81a67360a:   4b 08 75 e9 48 8b 03 45 33 f6 48 83 f8 ff 74 03
0x00007ff81a67361a:   ff 40 24 41 bf 82 03 fe 7f 41 8a 0f 84 c9 0f 85
0x00007ff81a67362a:   36 ac 05 00 48 83 fe ff 0f 84 8b ac 05 00 4c 8b 


Register to memory mapping:

RAX=0x0000000000000000 is an unknown value
RBX=0x0000000018144e98 is an unknown value
RCX=0x00000000fffffffc is an unallocated location in the heap
RDX=0x0000000000000730 is an unknown value
RSP=0x000000001984eb50 is pointing into the stack for thread: 0x00000000183d9800
RBP=0x00007ff619072000 is an unknown value
RSI=0x0000000000000730 is an unknown value
RDI=0x0000000000000000 is an unknown value
R8 =0xffffffffffffffff is an unknown value
R9 =0x00007ff619072000 is an unknown value
R10=0x0000000000000000 is an unknown value
R11=0x0000000000000246 is an unknown value
R12=0x0000000000000000 is an unknown value
R13=0x0000000000000000 is an unknown value
R14=0x0000000000000000 is an unknown value
R15=0x0000000000000000 is an unknown value


Stack: [0x0000000019750000,0x0000000019850000],  sp=0x000000001984eb50,  free space=1018k
Native frames: (J=compiled Java code, j=interpreted, Vv=VM code, C=native code)
C  [ntdll.dll+0x6361a]
C  [ntdll.dll+0x30564]
C  [libvlc.dll+0xa595]
C  [jna6742753983748590079.dll+0x176f3]
C  [jna6742753983748590079.dll+0xffe7]
C  [jna6742753983748590079.dll+0x3d1a]
C  [jna6742753983748590079.dll+0x4e37]
C  0x00000000030da8e3

Java frames: (J=compiled Java code, j=interpreted, Vv=VM code)
J 4429  com.sun.jna.Native.invokeInt(JI[Ljava/lang/Object;)I (0 bytes) @ 0x00000000030da85d [0x00000000030da800+0x5d]
j  com.sun.jna.Function.invoke([Ljava/lang/Object;Ljava/lang/Class;Z)Ljava/lang/Object;+333
j  com.sun.jna.Function.invoke(Ljava/lang/Class;[Ljava/lang/Object;Ljava/util/Map;)Ljava/lang/Object;+214
j  com.sun.jna.Library$Handler.invoke(Ljava/lang/Object;Ljava/lang/reflect/Method;[Ljava/lang/Object;)Ljava/lang/Object;+341
J 4457% C2 rickelectric.furkmanager.player.VideoPlayerWin.<init>(Ljava/lang/String;Luk/co/caprica/vlcj/player/embedded/EmbeddedMediaPlayer;Luk/co/caprica/vlcj/player/MediaPlayerFactory;)V (955 bytes) @ 0x00000000024681a8 [0x0000000002467f80+0x228]
j  rickelectric.furkmanager.player.MediaStreamer.playVideo(Ljava/lang/String;)V+60
j  rickelectric.furkmanager.views.icons.TFileTreeNode$1.run()V+129
j  java.lang.Thread.run()V+11
v  ~StubRoutines::call_stub

---------------  P R O C E S S  ---------------

Java Threads: ( => current thread )
  0x00000000183db800 JavaThread "Image Fetcher 3" daemon [_thread_blocked, id=8760, stack(0x0000000017e30000,0x0000000017f30000)]
  0x00000000183d8000 JavaThread "Image Fetcher 2" daemon [_thread_blocked, id=8848, stack(0x0000000019d50000,0x0000000019e50000)]
=>0x00000000183d9800 JavaThread "Thread-27" [_thread_in_native, id=3168, stack(0x0000000019750000,0x0000000019850000)]
  0x00000000183d8800 JavaThread "pool-1-thread-3" [_thread_blocked, id=8484, stack(0x0000000019c50000,0x0000000019d50000)]
  0x00000000165a7000 JavaThread "pool-1-thread-2" [_thread_blocked, id=8988, stack(0x0000000019b50000,0x0000000019c50000)]
  0x00000000165a4000 JavaThread "pool-123-thread-1" [_thread_blocked, id=4316, stack(0x0000000017fc0000,0x00000000180c0000)]
  0x00000000165a3000 JavaThread "Thread-18" [_thread_in_native, id=8804, stack(0x0000000017c30000,0x0000000017d30000)]
  0x00000000165a2800 JavaThread "pool-1-thread-1" [_thread_blocked, id=7208, stack(0x0000000016910000,0x0000000016a10000)]
  0x00000000165a0000 JavaThread "DestroyJavaVM" [_thread_blocked, id=9344, stack(0x0000000001fd0000,0x00000000020d0000)]
  0x0000000016449800 JavaThread "Thread-3" [_thread_in_native, id=7240, stack(0x0000000017420000,0x0000000017520000)]
  0x0000000016449000 JavaThread "WebsocketSelector22" [_thread_in_native, id=6252, stack(0x0000000017320000,0x0000000017420000)]
  0x0000000016446000 JavaThread "WebSocketWorker-21" [_thread_blocked, id=5232, stack(0x0000000017220000,0x0000000017320000)]
  0x00000000163d7800 JavaThread "WebSocketWorker-20" [_thread_blocked, id=5288, stack(0x0000000016b10000,0x0000000016c10000)]
  0x0000000016280800 JavaThread "TimerQueue" daemon [_thread_blocked, id=4724, stack(0x0000000016f20000,0x0000000017020000)]
  0x000000001627f800 JavaThread "AWT-EventQueue-0" [_thread_blocked, id=2368, stack(0x0000000016a10000,0x0000000016b10000)]
  0x00000000157c1000 JavaThread "AWT-Windows" daemon [_thread_in_native, id=3088, stack(0x0000000015e10000,0x0000000015f10000)]
  0x00000000157c0000 JavaThread "AWT-Shutdown" [_thread_blocked, id=4732, stack(0x0000000015d10000,0x0000000015e10000)]
  0x00000000157bf000 JavaThread "Java2D Disposer" daemon [_thread_blocked, id=3856, stack(0x0000000015c10000,0x0000000015d10000)]
  0x0000000014445000 JavaThread "Service Thread" daemon [_thread_blocked, id=2752, stack(0x0000000015520000,0x0000000015620000)]
  0x000000001441c800 JavaThread "C1 CompilerThread1" daemon [_thread_blocked, id=2176, stack(0x0000000015420000,0x0000000015520000)]
  0x00000000143da800 JavaThread "C2 CompilerThread0" daemon [_thread_blocked, id=9024, stack(0x0000000015320000,0x0000000015420000)]
  0x00000000143d7800 JavaThread "Attach Listener" daemon [_thread_blocked, id=9448, stack(0x0000000015220000,0x0000000015320000)]
  0x00000000143d4800 JavaThread "Signal Dispatcher" daemon [_thread_blocked, id=6516, stack(0x0000000015120000,0x0000000015220000)]
  0x0000000014398000 JavaThread "Finalizer" daemon [_thread_blocked, id=5480, stack(0x0000000015020000,0x0000000015120000)]
  0x0000000014390000 JavaThread "Reference Handler" daemon [_thread_blocked, id=6628, stack(0x0000000014f20000,0x0000000015020000)]

Other Threads:
  0x000000001438b800 VMThread [stack: 0x0000000014e20000,0x0000000014f20000] [id=7296]
  0x0000000014446800 WatcherThread [stack: 0x0000000015620000,0x0000000015720000] [id=4244]

VM state:not at safepoint (normal execution)

VM Mutex/Monitor currently owned by a thread: None

Heap:
 PSYoungGen      total 55808K, used 45929K [0x00000000ec600000, 0x00000000f0800000, 0x0000000100000000)
  eden space 55296K, 82% used [0x00000000ec600000,0x00000000ef2ca418,0x00000000efc00000)
  from space 512K, 12% used [0x00000000efc00000,0x00000000efc10000,0x00000000efc80000)
  to   space 512K, 0% used [0x00000000f0780000,0x00000000f0780000,0x00000000f0800000)
 ParOldGen       total 59904K, used 25137K [0x00000000c5200000, 0x00000000c8c80000, 0x00000000ec600000)
  object space 59904K, 41% used [0x00000000c5200000,0x00000000c6a8c418,0x00000000c8c80000)
 Metaspace       used 23727K, capacity 24000K, committed 24192K, reserved 1071104K
  class space    used 3058K, capacity 3153K, committed 3200K, reserved 1048576K

Card table byte_map: [0x0000000011610000,0x00000000117f0000] byte_map_base: 0x0000000010fe7000

Marking Bits: (ParMarkBitMap*) 0x0000000053df13b0
 Begin Bits: [0x0000000011b30000, 0x00000000129e8000)
 End Bits:   [0x00000000129e8000, 0x00000000138a0000)

Polling page: 0x0000000000790000

CodeCache: size=245760Kb used=14906Kb max_used=15193Kb free=230853Kb
 bounds [0x0000000002250000, 0x0000000003140000, 0x0000000011250000]
 total_blobs=4931 nmethods=4329 adapters=514
 compilation: enabled

Compilation events (10 events):
Event: 161.589 Thread 0x000000001441c800 4529       3       sun.util.locale.StringTokenIterator::next (74 bytes)
Event: 161.590 Thread 0x000000001441c800 nmethod 4529 0x0000000002472dd0 code [0x0000000002472f60, 0x0000000002473418]
Event: 161.590 Thread 0x000000001441c800 4530       3       sun.util.locale.InternalLocaleBuilder::clearExtensions (50 bytes)
Event: 161.590 Thread 0x000000001441c800 nmethod 4530 0x00000000025d6150 code [0x00000000025d62e0, 0x00000000025d6748]
Event: 161.590 Thread 0x000000001441c800 4531       3       sun.util.locale.LocaleUtils::isEmpty (19 bytes)
Event: 161.591 Thread 0x000000001441c800 nmethod 4531 0x000000000270c390 code [0x000000000270c500, 0x000000000270c788]
Event: 161.597 Thread 0x000000001441c800 4532       3       sun.swing.MenuItemLayoutHelper$RectSize::access$002 (7 bytes)
Event: 161.597 Thread 0x000000001441c800 nmethod 4532 0x0000000002467510 code [0x0000000002467660, 0x0000000002467790]
Event: 161.597 Thread 0x000000001441c800 4533       3       sun.swing.MenuItemLayoutHelper::calcMaxWidth (15 bytes)
Event: 161.598 Thread 0x000000001441c800 nmethod 4533 0x0000000002a73e10 code [0x0000000002a73fa0, 0x0000000002a743a8]

GC Heap History (10 events):
Event: 156.313 GC heap before
{Heap before GC invocations=104 (full 1):
 PSYoungGen      total 37376K, used 36928K [0x00000000ec600000, 0x00000000efd00000, 0x0000000100000000)
  eden space 36864K, 100% used [0x00000000ec600000,0x00000000eea00000,0x00000000eea00000)
  from space 512K, 12% used [0x00000000efc80000,0x00000000efc90000,0x00000000efd00000)
  to   space 512K, 0% used [0x00000000efc00000,0x00000000efc00000,0x00000000efc80000)
 ParOldGen       total 59904K, used 25113K [0x00000000c5200000, 0x00000000c8c80000, 0x00000000ec600000)
  object space 59904K, 41% used [0x00000000c5200000,0x00000000c6a86418,0x00000000c8c80000)
 Metaspace       used 23711K, capacity 24000K, committed 24192K, reserved 1071104K
  class space    used 3057K, capacity 3153K, committed 3200K, reserved 1048576K
Event: 156.315 GC heap after
Heap after GC invocations=104 (full 1):
 PSYoungGen      total 35840K, used 64K [0x00000000ec600000, 0x00000000efd00000, 0x0000000100000000)
  eden space 35328K, 0% used [0x00000000ec600000,0x00000000ec600000,0x00000000ee880000)
  from space 512K, 12% used [0x00000000efc00000,0x00000000efc10000,0x00000000efc80000)
  to   space 512K, 0% used [0x00000000efc80000,0x00000000efc80000,0x00000000efd00000)
 ParOldGen       total 59904K, used 25121K [0x00000000c5200000, 0x00000000c8c80000, 0x00000000ec600000)
  object space 59904K, 41% used [0x00000000c5200000,0x00000000c6a88418,0x00000000c8c80000)
 Metaspace       used 23711K, capacity 24000K, committed 24192K, reserved 1071104K
  class space    used 3057K, capacity 3153K, committed 3200K, reserved 1048576K
}
Event: 157.021 GC heap before
{Heap before GC invocations=105 (full 1):
 PSYoungGen      total 35840K, used 35392K [0x00000000ec600000, 0x00000000efd00000, 0x0000000100000000)
  eden space 35328K, 100% used [0x00000000ec600000,0x00000000ee880000,0x00000000ee880000)
  from space 512K, 12% used [0x00000000efc00000,0x00000000efc10000,0x00000000efc80000)
  to   space 512K, 0% used [0x00000000efc80000,0x00000000efc80000,0x00000000efd00000)
 ParOldGen       total 59904K, used 25121K [0x00000000c5200000, 0x00000000c8c80000, 0x00000000ec600000)
  object space 59904K, 41% used [0x00000000c5200000,0x00000000c6a88418,0x00000000c8c80000)
 Metaspace       used 23711K, capacity 24000K, committed 24192K, reserved 1071104K
  class space    used 3057K, capacity 3153K, committed 3200K, reserved 1048576K
Event: 157.042 GC heap after
Heap after GC invocations=105 (full 1):
 PSYoungGen      total 43008K, used 64K [0x00000000ec600000, 0x00000000efd00000, 0x0000000100000000)
  eden space 42496K, 0% used [0x00000000ec600000,0x00000000ec600000,0x00000000eef80000)
  from space 512K, 12% used [0x00000000efc80000,0x00000000efc90000,0x00000000efd00000)
  to   space 512K, 0% used [0x00000000efc00000,0x00000000efc00000,0x00000000efc80000)
 ParOldGen       total 59904K, used 25121K [0x00000000c5200000, 0x00000000c8c80000, 0x00000000ec600000)
  object space 59904K, 41% used [0x00000000c5200000,0x00000000c6a88418,0x00000000c8c80000)
 Metaspace       used 23711K, capacity 24000K, committed 24192K, reserved 1071104K
  class space    used 3057K, capacity 3153K, committed 3200K, reserved 1048576K
}
Event: 158.087 GC heap before
{Heap before GC invocations=106 (full 1):
 PSYoungGen      total 43008K, used 42560K [0x00000000ec600000, 0x00000000efd00000, 0x0000000100000000)
  eden space 42496K, 100% used [0x00000000ec600000,0x00000000eef80000,0x00000000eef80000)
  from space 512K, 12% used [0x00000000efc80000,0x00000000efc90000,0x00000000efd00000)
  to   space 512K, 0% used [0x00000000efc00000,0x00000000efc00000,0x00000000efc80000)
 ParOldGen       total 59904K, used 25121K [0x00000000c5200000, 0x00000000c8c80000, 0x00000000ec600000)
  object space 59904K, 41% used [0x00000000c5200000,0x00000000c6a88418,0x00000000c8c80000)
 Metaspace       used 23711K, capacity 24000K, committed 24192K, reserved 1071104K
  class space    used 3057K, capacity 3153K, committed 3200K, reserved 1048576K
Event: 158.096 GC heap after
Heap after GC invocations=106 (full 1):
 PSYoungGen      total 51712K, used 96K [0x00000000ec600000, 0x00000000efd00000, 0x0000000100000000)
  eden space 51200K, 0% used [0x00000000ec600000,0x00000000ec600000,0x00000000ef800000)
  from space 512K, 18% used [0x00000000efc00000,0x00000000efc18000,0x00000000efc80000)
  to   space 512K, 0% used [0x00000000efc80000,0x00000000efc80000,0x00000000efd00000)
 ParOldGen       total 59904K, used 25121K [0x00000000c5200000, 0x00000000c8c80000, 0x00000000ec600000)
  object space 59904K, 41% used [0x00000000c5200000,0x00000000c6a88418,0x00000000c8c80000)
 Metaspace       used 23711K, capacity 24000K, committed 24192K, reserved 1071104K
  class space    used 3057K, capacity 3153K, committed 3200K, reserved 1048576K
}
Event: 159.221 GC heap before
{Heap before GC invocations=107 (full 1):
 PSYoungGen      total 51712K, used 51296K [0x00000000ec600000, 0x00000000efd00000, 0x0000000100000000)
  eden space 51200K, 100% used [0x00000000ec600000,0x00000000ef800000,0x00000000ef800000)
  from space 512K, 18% used [0x00000000efc00000,0x00000000efc18000,0x00000000efc80000)
  to   space 512K, 0% used [0x00000000efc80000,0x00000000efc80000,0x00000000efd00000)
 ParOldGen       total 59904K, used 25121K [0x00000000c5200000, 0x00000000c8c80000, 0x00000000ec600000)
  object space 59904K, 41% used [0x00000000c5200000,0x00000000c6a88418,0x00000000c8c80000)
 Metaspace       used 23711K, capacity 24000K, committed 24192K, reserved 1071104K
  class space    used 3057K, capacity 3153K, committed 3200K, reserved 1048576K
Event: 159.236 GC heap after
Heap after GC invocations=107 (full 1):
 PSYoungGen      total 55808K, used 64K [0x00000000ec600000, 0x00000000f0300000, 0x0000000100000000)
  eden space 55296K, 0% used [0x00000000ec600000,0x00000000ec600000,0x00000000efc00000)
  from space 512K, 12% used [0x00000000efc80000,0x00000000efc90000,0x00000000efd00000)
  to   space 512K, 0% used [0x00000000efc00000,0x00000000efc00000,0x00000000efc80000)
 ParOldGen       total 59904K, used 25137K [0x00000000c5200000, 0x00000000c8c80000, 0x00000000ec600000)
  object space 59904K, 41% used [0x00000000c5200000,0x00000000c6a8c418,0x00000000c8c80000)
 Metaspace       used 23711K, capacity 24000K, committed 24192K, reserved 1071104K
  class space    used 3057K, capacity 3153K, committed 3200K, reserved 1048576K
}
Event: 160.496 GC heap before
{Heap before GC invocations=108 (full 1):
 PSYoungGen      total 55808K, used 55360K [0x00000000ec600000, 0x00000000f0300000, 0x0000000100000000)
  eden space 55296K, 100% used [0x00000000ec600000,0x00000000efc00000,0x00000000efc00000)
  from space 512K, 12% used [0x00000000efc80000,0x00000000efc90000,0x00000000efd00000)
  to   space 512K, 0% used [0x00000000efc00000,0x00000000efc00000,0x00000000efc80000)
 ParOldGen       total 59904K, used 25137K [0x00000000c5200000, 0x00000000c8c80000, 0x00000000ec600000)
  object space 59904K, 41% used [0x00000000c5200000,0x00000000c6a8c418,0x00000000c8c80000)
 Metaspace       used 23711K, capacity 24000K, committed 24192K, reserved 1071104K
  class space    used 3057K, capacity 3153K, committed 3200K, reserved 1048576K
Event: 160.531 GC heap after
Heap after GC invocations=108 (full 1):
 PSYoungGen      total 55808K, used 64K [0x00000000ec600000, 0x00000000f0800000, 0x0000000100000000)
  eden space 55296K, 0% used [0x00000000ec600000,0x00000000ec600000,0x00000000efc00000)
  from space 512K, 12% used [0x00000000efc00000,0x00000000efc10000,0x00000000efc80000)
  to   space 512K, 0% used [0x00000000f0780000,0x00000000f0780000,0x00000000f0800000)
 ParOldGen       total 59904K, used 25137K [0x00000000c5200000, 0x00000000c8c80000, 0x00000000ec600000)
  object space 59904K, 41% used [0x00000000c5200000,0x00000000c6a8c418,0x00000000c8c80000)
 Metaspace       used 23711K, capacity 24000K, committed 24192K, reserved 1071104K
  class space    used 3057K, capacity 3153K, committed 3200K, reserved 1048576K
}

Deoptimization events (10 events):
Event: 146.378 Thread 0x000000001627f800 Uncommon trap: reason=class_check action=maybe_recompile pc=0x0000000002716c00 method=java.awt.Container.findComponentAtImpl(IIZ)Ljava/awt/Component; @ 76
Event: 146.469 Thread 0x000000001627f800 Uncommon trap: reason=class_check action=maybe_recompile pc=0x0000000002716c00 method=java.awt.Container.findComponentAtImpl(IIZ)Ljava/awt/Component; @ 76
Event: 146.470 Thread 0x000000001627f800 Uncommon trap: reason=class_check action=maybe_recompile pc=0x0000000002716c00 method=java.awt.Container.findComponentAtImpl(IIZ)Ljava/awt/Component; @ 76
Event: 146.583 Thread 0x000000001627f800 Uncommon trap: reason=unreached action=reinterpret pc=0x000000000307b018 method=sun.awt.GlobalCursorManager._updateCursor(Z)V @ 50
Event: 146.583 Thread 0x000000001627f800 Uncommon trap: reason=unreached action=reinterpret pc=0x0000000003138674 method=java.awt.ModalEventFilter.acceptEvent(Ljava/awt/AWTEvent;)Ljava/awt/EventFilter$FilterAction; @ 99
Event: 148.046 Thread 0x000000001627f800 Uncommon trap: reason=class_check action=maybe_recompile pc=0x0000000002e6e810 method=java.awt.EventQueue.coalesceEvent(Ljava/awt/AWTEvent;I)Z @ 61
Event: 161.538 Thread 0x000000001627f800 Uncommon trap: reason=null_check action=make_not_entrant pc=0x000000000310d468 method=com.sun.jna.Library$Handler.invoke(Ljava/lang/Object;Ljava/lang/reflect/Method;[Ljava/lang/Object;)Ljava/lang/Object; @ 129
Event: 161.539 Thread 0x000000001627f800 Uncommon trap: reason=unreached action=reinterpret pc=0x0000000002472790 method=com.sun.jna.Function.invoke([Ljava/lang/Object;Ljava/lang/Class;Z)Ljava/lang/Object; @ 11
Event: 161.539 Thread 0x000000001627f800 Uncommon trap: reason=null_check action=make_not_entrant pc=0x0000000003100248 method=com.sun.jna.Native.getNativeSize(Ljava/lang/Class;)I @ 23
Event: 161.553 Thread 0x000000001627f800 Uncommon trap: reason=unreached action=reinterpret pc=0x0000000003102988 method=com.sun.jna.Function.invoke(Ljava/lang/Class;[Ljava/lang/Object;Ljava/util/Map;)Ljava/lang/Object; @ 221

Internal exceptions (10 events):
Event: 122.482 Thread 0x00000000183d9800 Exception <a 'java/security/PrivilegedActionException'> (0x00000000ecb8f728) thrown at [D:\re\workspace\8-2-build-windows-amd64-cygwin\jdk8\2238\hotspot\src\share\vm\prims\jvm.cpp, line 1248]
Event: 122.863 Thread 0x00000000183d9800 Exception <a 'java/security/PrivilegedActionException'> (0x00000000ecb96aa0) thrown at [D:\re\workspace\8-2-build-windows-amd64-cygwin\jdk8\2238\hotspot\src\share\vm\prims\jvm.cpp, line 1248]
Event: 123.059 Thread 0x00000000183d9800 Exception <a 'java/security/PrivilegedActionException'> (0x00000000ecb997c0) thrown at [D:\re\workspace\8-2-build-windows-amd64-cygwin\jdk8\2238\hotspot\src\share\vm\prims\jvm.cpp, line 1248]
Event: 123.344 Thread 0x00000000183d9800 Exception <a 'java/security/PrivilegedActionException'> (0x00000000ecb9e430) thrown at [D:\re\workspace\8-2-build-windows-amd64-cygwin\jdk8\2238\hotspot\src\share\vm\prims\jvm.cpp, line 1248]
Event: 123.475 Thread 0x00000000183d9800 Exception <a 'java/security/PrivilegedActionException'> (0x00000000ecbca660) thrown at [D:\re\workspace\8-2-build-windows-amd64-cygwin\jdk8\2238\hotspot\src\share\vm\prims\jvm.cpp, line 1248]
Event: 124.548 Thread 0x00000000183da000 Exception <a 'java/lang/InterruptedException': sleep interrupted> (0x00000000ecbe20c8) thrown at [D:\re\workspace\8-2-build-windows-amd64-cygwin\jdk8\2238\hotspot\src\share\vm\prims\jvm.cpp, line 3028]
Event: 125.074 Thread 0x00000000183d9800 Exception <a 'java/security/PrivilegedActionException'> (0x00000000eccd1418) thrown at [D:\re\workspace\8-2-build-windows-amd64-cygwin\jdk8\2238\hotspot\src\share\vm\prims\jvm.cpp, line 1248]
Event: 126.137 Thread 0x00000000183d9800 Exception <a 'java/security/PrivilegedActionException'> (0x00000000ecd29708) thrown at [D:\re\workspace\8-2-build-windows-amd64-cygwin\jdk8\2238\hotspot\src\share\vm\prims\jvm.cpp, line 1248]
Event: 126.435 Thread 0x00000000183d9800 Exception <a 'java/security/PrivilegedActionException'> (0x00000000ec765e60) thrown at [D:\re\workspace\8-2-build-windows-amd64-cygwin\jdk8\2238\hotspot\src\share\vm\prims\jvm.cpp, line 1248]
Event: 161.551 Thread 0x000000001627f800 Exception <a 'java/security/PrivilegedActionException'> (0x00000000ef2af000) thrown at [D:\re\workspace\8-2-build-windows-amd64-cygwin\jdk8\2238\hotspot\src\share\vm\prims\jvm.cpp, line 1248]

Events (10 events):
Event: 161.553 Thread 0x000000001627f800 Uncommon trap: trap_request=0xffffffad fr.pc=0x0000000003102988
Event: 161.553 Thread 0x000000001627f800 DEOPT PACKING pc=0x0000000003102988 sp=0x0000000016b0cec0
Event: 161.553 Thread 0x000000001627f800 DEOPT UNPACKING pc=0x00000000022973ef sp=0x0000000016b0ce58 mode 2
Event: 161.554 loading class java/awt/Window$1DisposeAction
Event: 161.554 Executing VM operation: RevokeBias
Event: 161.555 Executing VM operation: RevokeBias done
Event: 161.555 Thread 0x00000000183db000 Thread exited: 0x00000000183db000
Event: 161.575 loading class java/awt/Window$1DisposeAction done
Event: 161.575 Executing VM operation: RevokeBias
Event: 161.575 Executing VM operation: RevokeBias done


Dynamic libraries:
0x00007ff619400000 - 0x00007ff619434000 	C:\Program Files\Java\jre8\bin\javaw.exe
0x00007ff81a610000 - 0x00007ff81a7ba000 	C:\Windows\SYSTEM32\ntdll.dll
0x00007ff81a310000 - 0x00007ff81a44a000 	C:\Windows\system32\KERNEL32.DLL
0x00007ff817d30000 - 0x00007ff817e3f000 	C:\Windows\system32\KERNELBASE.dll
0x00007ff816320000 - 0x00007ff8163a8000 	C:\Windows\system32\apphelp.dll
0x00007ff80a2b0000 - 0x00007ff80a2ff000 	C:\Windows\AppPatch\AppPatch64\AcGenral.DLL
0x00007ff817ee0000 - 0x00007ff817f87000 	C:\Windows\system32\msvcrt.dll
0x00007ff817760000 - 0x00007ff81778b000 	C:\Windows\SYSTEM32\SspiCli.dll
0x00007ff819d30000 - 0x00007ff819d81000 	C:\Windows\system32\SHLWAPI.dll
0x00007ff818130000 - 0x00007ff8182a1000 	C:\Windows\system32\USER32.dll
0x00007ff818550000 - 0x00007ff8186c8000 	C:\Windows\system32\ole32.dll
0x00007ff8186d0000 - 0x00007ff819aef000 	C:\Windows\system32\SHELL32.dll
0x00007ff816f90000 - 0x00007ff816fae000 	C:\Windows\SYSTEM32\USERENV.dll
0x00007ff81a460000 - 0x00007ff81a505000 	C:\Windows\system32\ADVAPI32.dll
0x00007ff808660000 - 0x00007ff80867b000 	C:\Windows\SYSTEM32\MPR.dll
0x00007ff817ff0000 - 0x00007ff818127000 	C:\Windows\system32\RPCRT4.dll
0x00007ff819af0000 - 0x00007ff819b47000 	C:\Windows\SYSTEM32\sechost.dll
0x00007ff819d90000 - 0x00007ff819f66000 	C:\Windows\SYSTEM32\combase.dll
0x00007ff81a110000 - 0x00007ff81a254000 	C:\Windows\system32\GDI32.dll
0x00007ff817980000 - 0x00007ff817994000 	C:\Windows\SYSTEM32\profapi.dll
0x00007ff815e90000 - 0x00007ff815f2f000 	C:\Windows\SYSTEM32\SHCORE.dll
0x00007ff817e90000 - 0x00007ff817ec4000 	C:\Windows\system32\IMM32.DLL
0x00007ff8182b0000 - 0x00007ff8183e9000 	C:\Windows\system32\MSCTF.dll
0x00007ff815660000 - 0x00007ff8158ba000 	C:\Windows\WinSxS\amd64_microsoft.windows.common-controls_6595b64144ccf1df_6.0.9600.17031_none_6242a4b3ecbb55a1\COMCTL32.dll
0x0000000053e70000 - 0x0000000053f42000 	C:\Program Files\Java\jre8\bin\msvcr100.dll
0x0000000053640000 - 0x0000000053e6a000 	C:\Program Files\Java\jre8\bin\server\jvm.dll
0x00007ff80ffc0000 - 0x00007ff80ffc9000 	C:\Windows\SYSTEM32\WSOCK32.dll
0x00007ff811af0000 - 0x00007ff811b0f000 	C:\Windows\SYSTEM32\WINMM.dll
0x00007ff81a510000 - 0x00007ff81a517000 	C:\Windows\system32\PSAPI.DLL
0x00007ff81a520000 - 0x00007ff81a578000 	C:\Windows\system32\WS2_32.dll
0x00007ff811aa0000 - 0x00007ff811aca000 	C:\Windows\SYSTEM32\WINMMBASE.dll
0x00007ff817ed0000 - 0x00007ff817ed9000 	C:\Windows\system32\NSI.dll
0x00007ff817e40000 - 0x00007ff817e8a000 	C:\Windows\SYSTEM32\cfgmgr32.dll
0x00007ff816810000 - 0x00007ff816836000 	C:\Windows\SYSTEM32\DEVOBJ.dll
0x0000000053630000 - 0x000000005363f000 	C:\Program Files\Java\jre8\bin\verify.dll
0x0000000053600000 - 0x0000000053628000 	C:\Program Files\Java\jre8\bin\java.dll
0x00000000535e0000 - 0x00000000535f6000 	C:\Program Files\Java\jre8\bin\zip.dll
0x0000000053440000 - 0x00000000535d6000 	C:\Program Files\Java\jre8\bin\awt.dll
0x00007ff8183f0000 - 0x00007ff8184a7000 	C:\Windows\system32\OLEAUT32.dll
0x00007ff8166e0000 - 0x00007ff816801000 	C:\Windows\system32\uxtheme.dll
0x00007ff815a40000 - 0x00007ff815a60000 	C:\Windows\system32\dwmapi.dll
0x00007ff816660000 - 0x00007ff81666a000 	C:\Windows\SYSTEM32\kernel.appcore.dll
0x00007ff8177f0000 - 0x00007ff8177fa000 	C:\Windows\SYSTEM32\CRYPTBASE.dll
0x00007ff817790000 - 0x00007ff8177f0000 	C:\Windows\SYSTEM32\bcryptPrimitives.dll
0x00000000533f0000 - 0x0000000053437000 	C:\Program Files\Java\jre8\bin\fontmanager.dll
0x0000000053330000 - 0x000000005335a000 	C:\Program Files\Java\jre8\bin\dcpr.dll
0x00000000533d0000 - 0x00000000533ea000 	C:\Program Files\Java\jre8\bin\net.dll
0x00007ff8171e0000 - 0x00007ff817238000 	C:\Windows\system32\mswsock.dll
0x00000000533b0000 - 0x00000000533c1000 	C:\Program Files\Java\jre8\bin\nio.dll
0x0000000053360000 - 0x00000000533a1000 	C:\Program Files\Java\jre8\bin\t2k.dll
0x00007ff816ff0000 - 0x00007ff817093000 	C:\Windows\SYSTEM32\DNSAPI.dll
0x00007ff810ba0000 - 0x00007ff810ba9000 	C:\Windows\System32\rasadhlp.dll
0x00007ff8138a0000 - 0x00007ff813908000 	C:\Windows\System32\fwpuclnt.dll
0x00007ff817240000 - 0x00007ff81725e000 	C:\Windows\SYSTEM32\CRYPTSP.dll
0x00007ff816e80000 - 0x00007ff816eb5000 	C:\Windows\system32\rsaenh.dll
0x00007ff8176a0000 - 0x00007ff8176c6000 	C:\Windows\SYSTEM32\bcrypt.dll
0x00007ff80acc0000 - 0x00007ff80ad4d000 	C:\Windows\SYSTEM32\mscms.dll
0x00007ff808830000 - 0x00007ff808871000 	C:\Windows\SYSTEM32\icm32.dll
0x00007ff81a260000 - 0x00007ff81a304000 	C:\Windows\SYSTEM32\clbcatq.dll
0x00007ff815200000 - 0x00007ff815393000 	C:\Windows\SYSTEM32\WindowsCodecs.dll
0x0000000053300000 - 0x0000000053324000 	C:\Program Files\Java\jre8\bin\sunec.dll
0x00007ff810c00000 - 0x00007ff810c14000 	C:\Windows\system32\napinsp.dll
0x00007ff810be0000 - 0x00007ff810bf9000 	C:\Windows\system32\pnrpnsp.dll
0x00007ff815a80000 - 0x00007ff815a99000 	C:\Windows\system32\NLAapi.dll
0x00007ff810bd0000 - 0x00007ff810bdc000 	C:\Windows\System32\winrnr.dll
0x00007ff810bb0000 - 0x00007ff810bc3000 	C:\Windows\system32\wshbth.dll
0x00007ff813f40000 - 0x00007ff813f69000 	C:\Windows\SYSTEM32\IPHLPAPI.DLL
0x00007ff813f20000 - 0x00007ff813f2a000 	C:\Windows\SYSTEM32\WINNSI.DLL
0x00007ff817c80000 - 0x00007ff817d21000 	C:\Windows\WinSxS\amd64_microsoft.windows.common-controls_6595b64144ccf1df_5.82.9600.16384_none_34a8918f959016ea\comctl32.dll
0x00007ff80e070000 - 0x00007ff80e0a7000 	C:\Users\Ionicle\AppData\Local\Temp\jna-Ionicle\jna6742753983748590079.dll
0x00000000532d0000 - 0x00000000532f9000 	C:\EclipsePortable\Data\workspace\Furk Manager\libvlc\64\libvlc.dll
0x0000000053050000 - 0x00000000532c1000 	C:\EclipsePortable\Data\workspace\Furk Manager\libvlc\64\libvlccore.dll
0x0000000052ff0000 - 0x0000000053046000 	C:\EclipsePortable\Data\workspace\Furk Manager\libvlc\64\plugins\access\libdshow_plugin.dll
0x0000000052fd0000 - 0x0000000052fe1000 	C:\EclipsePortable\Data\workspace\Furk Manager\libvlc\64\plugins\audio_output\libdirectsound_plugin.dll
0x0000000052fb0000 - 0x0000000052fc2000 	C:\EclipsePortable\Data\workspace\Furk Manager\libvlc\64\plugins\audio_output\libwaveout_plugin.dll
0x0000000052f90000 - 0x0000000052fab000 	C:\EclipsePortable\Data\workspace\Furk Manager\libvlc\64\plugins\video_output\libdirectdraw_plugin.dll
0x0000000052f60000 - 0x0000000052f88000 	C:\EclipsePortable\Data\workspace\Furk Manager\libvlc\64\plugins\access\libaccess_http_plugin.dll
0x0000000052f30000 - 0x0000000052f60000 	C:\Program Files\Java\jre8\bin\jpeg.dll
0x0000000052f20000 - 0x0000000052f27000 	C:\Program Files\Java\jre8\bin\jawt.dll
0x00007ff814a70000 - 0x00007ff814bf8000 	C:\Windows\SYSTEM32\dbghelp.dll

VM Arguments:
jvm_args: -Dfile.encoding=Cp1252 
java_command: rickelectric.furkmanager.FurkManager
java_class_path (initial): C:\EclipsePortable\Data\workspace\Furk Manager\bin;C:\EclipsePortable\Data\workspace\Furk Manager\apache_commons_library\commons-httpclient-3.0.1.jar;C:\EclipsePortable\Data\workspace\Furk Manager\apache_commons_library\commons-io-2.4.jar;C:\EclipsePortable\Data\workspace\Furk Manager\apache_commons_library\commons-logging-1.1.3.jar;C:\EclipsePortable\Data\workspace\Furk Manager\apache_commons_library\commons-lang-2.0.jar;C:\EclipsePortable\Data\workspace\Furk Manager\apache_commons_library\commons-codec-1.8.jar;C:\EclipsePortable\Data\workspace\Furk Manager\org.eclipse.ecf.protocol.bittorrent-0.3.0.v20130605-1748.jar;C:\EclipsePortable\Data\workspace\Furk Manager\JSON-Master.jar;C:\EclipsePortable\Data\workspace\Furk Manager\VLCJ.jar;C:\EclipsePortable\Data\workspace\Furk Manager\jna-3.5.2.jar;C:\EclipsePortable\Data\workspace\Furk Manager\platform-3.5.2.jar;C:\EclipsePortable\Data\workspace\Furk Manager\TooTallNate-Java-WebSocket\dist\java_websocket.jar;C:\EclipsePortable\Data\workspace\Furk Manager\xercesImpl.jar;C:\EclipsePortable\Data\workspace\Furk Manager\swingx.jar
Launcher Type: SUN_STANDARD

Environment Variables:
CLASSPATH=.;.;C:\PROGRA~2\JMF21~1.1E\lib\sound.jar;C:\PROGRA~2\JMF21~1.1E\lib\jmf.jar;C:\PROGRA~2\JMF21~1.1E\lib;
PATH=C:/Program Files (x86)/Java/jre7/bin/client;C:/Program Files (x86)/Java/jre7/bin;C:/Program Files (x86)/Java/jre7/lib/i386;C:\CommonFiles\MinGW\bin;C:\Windows\system32;C:\Windows;C:\Windows\System32\Wbem;C:\Windows\System32\WindowsPowerShell\v1.0\;C:\Program Files\MATLAB\R2013a\runtime\win64;C:\Program Files\MATLAB\R2013a\bin;C:\Program Files (x86)\Windows Kits\8.1\Windows Performance Toolkit\;C:\Program Files\Microsoft SQL Server\110\Tools\Binn\;C:\Program Files\MiKTeX 2.9\miktex\bin\x64\;C:\Program Files (x86)\Universal Extractor;C:\Program Files (x86)\Universal Extractor\bin;C:\Program Files (x86)\B1 Free Archiver;C:\Program Files (x86)\Microsoft SQL Server\110\Tools\Binn\;C:\Program Files\Microsoft SQL Server\110\DTS\Binn\;C:\Program Files (x86)\Microsoft SQL Server\110\Tools\Binn\ManagementStudio\;C:\Program Files (x86)\Microsoft SQL Server\110\DTS\Binn\;C:\EclipsePortable;
USERNAME=Ionicle
OS=Windows_NT
PROCESSOR_IDENTIFIER=Intel64 Family 6 Model 37 Stepping 5, GenuineIntel



---------------  S Y S T E M  ---------------

OS: Windows 8.1 , 64 bit Build 9600 

CPU:total 2 (2 cores per cpu, 1 threads per core) family 6 model 37 stepping 5, cmov, cx8, fxsr, mmx, sse, sse2, sse3, ssse3, popcnt, tsc, tscinvbit

Memory: 4k page, physical 3857212k(1194700k free), swap 8051516k(3086020k free)

vm_info: Java HotSpot(TM) 64-Bit Server VM (25.0-b70) for windows-amd64 JRE (1.8.0-b132), built on Mar  4 2014 03:46:18 by "java_re" with MS VC++ 10.0 (VS2010)

time: Tue Sep 02 23:32:47 2014
elapsed time: 161 seconds

